<?xml version="1.0" ?>
<repository>
  <name>test-your-sysadmin-skills</name>
  <full_name>trimstray/test-your-sysadmin-skills</full_name>
  <description>A collection of Linux Sysadmin Test Questions and Answers. Test your knowledge and skills in different fields with these Q/A.</description>
  <url>https://github.com/trimstray/test-your-sysadmin-skills</url>
  <clone_url>https://github.com/trimstray/test-your-sysadmin-skills.git</clone_url>
  <ssh_url>git@github.com:trimstray/test-your-sysadmin-skills.git</ssh_url>
  <metadata>
    <language>Unknown</language>
    <stars>11159</stars>
    <forks>1495</forks>
    <watchers>11159</watchers>
    <size>1115</size>
    <default_branch>master</default_branch>
    <created_at>2018-08-09T12:58:39Z</created_at>
    <updated_at>2025-08-24T20:00:07Z</updated_at>
    <pushed_at>2024-11-19T14:07:11Z</pushed_at>
    <relationship>starred</relationship>
    <category>cybersecurity</category>
    <is_fork>False</is_fork>
    <is_private>False</is_private>
    <has_wiki>False</has_wiki>
    <has_pages>False</has_pages>
    <has_downloads>True</has_downloads>
  </metadata>
  <topics>
    <topic>answers</topic>
    <topic>bsd</topic>
    <topic>cheatsheets</topic>
    <topic>cybersecurity</topic>
    <topic>databases</topic>
    <topic>devops</topic>
    <topic>exam</topic>
    <topic>interview</topic>
    <topic>interview-questions</topic>
    <topic>knowledge</topic>
    <topic>linux</topic>
    <topic>network</topic>
    <topic>resources</topic>
    <topic>security</topic>
    <topic>skills</topic>
    <topic>sysadmin</topic>
    <topic>sysops</topic>
    <topic>systems</topic>
    <topic>unix</topic>
    <topic>webops</topic>
  </topics>
  <license>
    <name>MIT License</name>
    <spdx_id>MIT</spdx_id>
  </license>
  <owner>
    <login>trimstray</login>
    <type>User</type>
    <url>https://github.com/trimstray</url>
  </owner>
  <development_potential>
    <level>high</level>
    <score>8</score>
    <assessment>Excellent potential for integration. High community engagement with 11159 stars and active development. Consider for immediate evaluation.</assessment>
  </development_potential>
</repository>
